   0.001 2025-03-20 17:40:38; Factorio 2.0.41 (build 81968, linux64, headless, space-age)
   0.001 Operating system: Linux
   0.002 Program arguments: "/opt/factorio/bin/x64/factorio" "--port" "34197" "--server-settings" "/factorio/config/server-settings.json" "--server-banlist" "/factorio/config/server-banlist.json" "--rcon-port" "27015" "--server-whitelist" "/factorio/config/server-whitelist.json" "--use-server-whitelist" "--server-adminlist" "/factorio/config/server-adminlist.json" "--rcon-password" <private> "--server-id" "/factorio/config/server-id.json" "--mod-directory" "/factorio/mods" "--start-server" "plysv" 
   0.002 Config path: /opt/factorio/config/config.ini
   0.002 Read data path: /opt/factorio/data
   0.002 Write data path: /factorio [70667/233752MB]
   0.002 Binaries path: /opt/factorio/bin
   0.026 System info: [CPU:                             Box64 on - @1000 MHz, 8 cores, RAM: 7837 MB]
   0.027 Environment: DISPLAY=<unset> WAYLAND_DISPLAY=<unset> DESKTOP_SESSION=<unset> XDG_SESSION_DESKTOP=<unset> XDG_CURRENT_DESKTOP=<unset> SDL_VIDEODRIVER=<unset> __GL_FSAA_MODE=<unset> __GL_LOG_MAX_ANISO=<unset> __GL_SYNC_TO_VBLANK=<unset> __GL_SORT_FBCONFIGS=<unset> __GL_YIELD=<unset>
   0.030 Running in headless mode
   0.030 Audio is disabled
   0.035 Info ModManager.cpp:444: FeatureFlag expansion-shaders = false
   0.036 Info ModManager.cpp:444: FeatureFlag freezing = false
   0.036 Info ModManager.cpp:444: FeatureFlag quality = false
   0.036 Info ModManager.cpp:444: FeatureFlag rail-bridges = false
   0.036 Info ModManager.cpp:444: FeatureFlag segmented-units = false
   0.036 Info ModManager.cpp:444: FeatureFlag space-travel = false
   0.036 Info ModManager.cpp:444: FeatureFlag spoiling = false
   0.053 Loading mod core 0.0.0 (data.lua)
   0.074 Loading mod base 2.0.41 (data.lua)
   0.269 Loading mod base 2.0.41 (data-updates.lua)
   0.324 Checksum for core: 931939137
   0.324 Checksum of base: 3006295925
   0.647 Prototype list checksum: 1414197682
   0.697 Info PlayerData.cpp:64: Local player-data.json available, timestamp 1742490394
   0.697 Info PlayerData.cpp:71: Cloud player-data.json unavailable
   0.906 Factorio initialised
   0.908 Warning FileUtil.cpp:563: plysv not found; using /factorio/saves/plysv.zip
   0.909 Info ServerSynchronizer.cpp:22: nextHeartbeatSequenceNumber(0) initialized Synchronizer nextTickClosureTick(0).
   0.909 Info ServerMultiplayerManager.cpp:808: updateTick(18446744073709551615) changing state from(Ready) to(PreparedToHostGame)
   0.910 Info ServerMultiplayerManager.cpp:808: updateTick(18446744073709551615) changing state from(PreparedToHostGame) to(CreatingGame)
   0.911 Loading map /factorio/saves/plysv.zip: 8414504 bytes.
   1.030 Loading level.dat: 20973559 bytes.
   1.037 Info Scenario.cpp:153: Map version 2.0.41-0
   1.635 Blueprint storage "blueprint-storage-2.dat" was not found, trying to load previous version storage "blueprint-storage.dat"
   1.636 Loading script.dat: 1195 bytes.
   1.642 Checksum for script __level__/control.lua: 768925807
   1.655 Info UDPSocket.cpp:32: Opening socket at (IP ADDR:({0.0.0.0:34197}))
   1.655 Hosting game at IP ADDR:({0.0.0.0:34197})
   1.656 Info HttpSharedState.cpp:55: Downloading https://auth.factorio.com/generate-server-padlock-2?api_version=6
   2.560 Info AuthServerConnector.cpp:110: Obtained serverPadlock for serverHash (b7RGkPkZoHllOyIsnl0Fa6oWP63I4f3F) from the auth server.
   2.561 Info ServerMultiplayerManager.cpp:808: updateTick(3763842) changing state from(CreatingGame) to(InGame)
   2.687 Info ServerRouter.cpp:668: Asking pingpong servers (pingpong1.factorio.com:34197, pingpong2.factorio.com:34197, pingpong3.factorio.com:34197, pingpong4.factorio.com:34197) for own address
   2.689 Info UDPSocket.cpp:44: Opening socket for broadcast
   2.693 Error InterruptibleStdioStream.cpp:60: Got EOF on stdin; closing
   2.694 Info RemoteCommandProcessor.cpp:126: Starting RCON interface at IP ADDR:({0.0.0.0:27015})
   2.695 Info CommandLineMultiplayer.cpp:292: Maximum segment size = 100; minimum segment size = 25; maximum-segment-size peer count = 10; minimum-segment-size peer count = 20
   2.901 Info ServerRouter.cpp:547: Own address is IP ADDR:({49.49.229.80:34652}) (confirmed by pingpong2)
   2.915 Error ServerMultiplayerManager.cpp:743: Matching server connection failed: Error when creating server game: Missing token.
   2.951 Info ServerRouter.cpp:547: Own address is IP ADDR:({49.49.229.80:34652}) (confirmed by pingpong3)
   2.966 Info ServerRouter.cpp:547: Own address is IP ADDR:({49.49.229.80:34652}) (confirmed by pingpong1)
   9.400 ConnectionRequestReplyConfirm (type(ConnectionRequestReplyConfirm) ) from(IP ADDR:({192.168.65.1:26437}))
   9.401 Refusing connection for address (IP ADDR:({192.168.65.1:26437})), username (milo33). UserVerificationMissing
  10.317 ConnectionRequestReplyConfirm (type(ConnectionRequestReplyConfirm) ) from(IP ADDR:({192.168.65.1:21073}))
  10.320 Info ServerRouter.cpp:465: Replying to connectionRequest for address(IP ADDR:({192.168.65.1:21073})).
  10.321 Info ServerSynchronizer.cpp:594: nextHeartbeatSequenceNumber(456) adding peer(1)
  10.343 Info ServerMultiplayerManager.cpp:808: updateTick(3763842) changing state from(InGame) to(InGameSavingMap)
  10.349 Info ServerMultiplayerManager.cpp:978: updateTick(3763842) received stateChanged peerID(1) oldState(Ready) newState(ConnectedWaitingForMap)
  10.749 Info ServerMultiplayerManager.cpp:1039: UpdateTick(3763842) Serving map(/factorio/temp/mp-save-0.zip) for peer(1) size(8415104) auxiliary(205) crc(3712195395)
  10.750 Info ServerMultiplayerManager.cpp:808: updateTick(3763842) changing state from(InGameSavingMap) to(InGame)
  10.798 Info ServerMultiplayerManager.cpp:978: updateTick(3763842) received stateChanged peerID(1) oldState(ConnectedWaitingForMap) newState(ConnectedDownloadingMap)
  11.564 Info ServerMultiplayerManager.cpp:978: updateTick(3763842) received stateChanged peerID(1) oldState(ConnectedDownloadingMap) newState(ConnectedLoadingMap)
  11.833 Info ServerMultiplayerManager.cpp:978: updateTick(3763842) received stateChanged peerID(1) oldState(ConnectedLoadingMap) newState(TryingToCatchUp)
  11.834 Info ServerMultiplayerManager.cpp:978: updateTick(3763842) received stateChanged peerID(1) oldState(TryingToCatchUp) newState(WaitingForCommandToStartSendingTickClosures)
  11.855 Info GameActionHandler.cpp:4440: UpdateTick (3763842) processed PlayerJoinGame peerID(1) playerIndex(1) mode(connect) 
  11.880 Info ServerMultiplayerManager.cpp:978: updateTick(3763843) received stateChanged peerID(1) oldState(WaitingForCommandToStartSendingTickClosures) newState(InGame)
  26.853 Info ServerMultiplayerManager.cpp:1086: Disconnect notification for peer (1)
  26.855 Info ServerMultiplayerManager.cpp:978: updateTick(3764742) received stateChanged peerID(1) oldState(InGame) newState(DisconnectScheduled)
  26.861 Info ServerSynchronizer.cpp:613: nextHeartbeatSequenceNumber(1449) removing peer(1).
  27.853 Info ServerMultiplayerManager.cpp:1231: Auto saving map as /factorio/saves/plysv.zip
  27.867 Info AppManager.cpp:415: Saving game as /factorio/saves/plysv.zip
  28.201 Info AppManagerStates.cpp:2097: Saving finished
  37.463 Received SIGTERM, shutting down
  37.464 Quitting: signal.
  37.465 Info MainLoop.cpp:437: Saving map as /factorio/saves/plysv.zip
  37.557 Info MainLoop.cpp:448: Saving progress: 0.012089%
