   0.001 2025-03-20 16:28:24; Factorio 2.0.41 (build 81968, linux64, headless, space-age)
   0.001 Operating system: Linux
   0.002 Program arguments: "/opt/factorio/bin/x64/factorio" "--port" "34197" "--server-settings" "/factorio/config/server-settings.json" "--server-banlist" "/factorio/config/server-banlist.json" "--rcon-port" "27015" "--server-whitelist" "/factorio/config/server-whitelist.json" "--use-server-whitelist" "--server-adminlist" "/factorio/config/server-adminlist.json" "--rcon-password" <private> "--server-id" "/factorio/config/server-id.json" "--mod-directory" "/factorio/mods" "--start-server-load-latest" 
   0.002 Config path: /opt/factorio/config/config.ini
   0.002 Read data path: /opt/factorio/data
   0.002 Write data path: /factorio [70745/233752MB]
   0.002 Binaries path: /opt/factorio/bin
   0.029 System info: [CPU:                             Box64 on - @1000 MHz, 8 cores, RAM: 7837 MB]
   0.029 Environment: DISPLAY=<unset> WAYLAND_DISPLAY=<unset> DESKTOP_SESSION=<unset> XDG_SESSION_DESKTOP=<unset> XDG_CURRENT_DESKTOP=<unset> SDL_VIDEODRIVER=<unset> __GL_FSAA_MODE=<unset> __GL_LOG_MAX_ANISO=<unset> __GL_SYNC_TO_VBLANK=<unset> __GL_SORT_FBCONFIGS=<unset> __GL_YIELD=<unset>
   0.033 Running in headless mode
   0.033 Audio is disabled
   0.039 Info ModManager.cpp:444: FeatureFlag expansion-shaders = false
   0.039 Info ModManager.cpp:444: FeatureFlag freezing = false
   0.039 Info ModManager.cpp:444: FeatureFlag quality = false
   0.039 Info ModManager.cpp:444: FeatureFlag rail-bridges = false
   0.039 Info ModManager.cpp:444: FeatureFlag segmented-units = false
   0.039 Info ModManager.cpp:444: FeatureFlag space-travel = false
   0.039 Info ModManager.cpp:444: FeatureFlag spoiling = false
   0.059 Loading mod core 0.0.0 (data.lua)
   0.079 Loading mod base 2.0.41 (data.lua)
   0.248 Loading mod base 2.0.41 (data-updates.lua)
   0.308 Checksum for core: 931939137
   0.308 Checksum of base: 3006295925
   0.640 Prototype list checksum: 1414197682
   0.667 Info PlayerData.cpp:64: Local player-data.json available, timestamp 1742487462
   0.667 Info PlayerData.cpp:71: Cloud player-data.json unavailable
   0.836 Factorio initialised
   0.839 Info ServerSynchronizer.cpp:22: nextHeartbeatSequenceNumber(0) initialized Synchronizer nextTickClosureTick(0).
   0.839 Info ServerMultiplayerManager.cpp:808: updateTick(18446744073709551615) changing state from(Ready) to(PreparedToHostGame)
   0.840 Info ServerMultiplayerManager.cpp:808: updateTick(18446744073709551615) changing state from(PreparedToHostGame) to(CreatingGame)
   0.841 Loading map /factorio/saves/plysv.zip: 8416249 bytes.
   0.930 Loading level.dat: 20972450 bytes.
   0.938 Info Scenario.cpp:153: Map version 2.0.41-0
   1.478 Blueprint storage "blueprint-storage-2.dat" was not found, trying to load previous version storage "blueprint-storage.dat"
   1.479 Loading script.dat: 1195 bytes.
   1.486 Checksum for script __level__/control.lua: 768925807
   1.497 Info UDPSocket.cpp:32: Opening socket at (IP ADDR:({0.0.0.0:34197}))
   1.497 Hosting game at IP ADDR:({0.0.0.0:34197})
   1.498 Info HttpSharedState.cpp:55: Downloading https://auth.factorio.com/generate-server-padlock-2?api_version=6
   2.398 Info AuthServerConnector.cpp:110: Obtained serverPadlock for serverHash (ntOxgwG3qnUtScNQ9jJsu5aXf40TlWOY) from the auth server.
   2.398 Info ServerMultiplayerManager.cpp:808: updateTick(3763112) changing state from(CreatingGame) to(InGame)
   2.491 Info ServerRouter.cpp:668: Asking pingpong servers (pingpong1.factorio.com:34197, pingpong2.factorio.com:34197, pingpong3.factorio.com:34197, pingpong4.factorio.com:34197) for own address
   2.493 Info UDPSocket.cpp:44: Opening socket for broadcast
   2.497 Info RemoteCommandProcessor.cpp:126: Starting RCON interface at IP ADDR:({0.0.0.0:27015})
   2.497 Error InterruptibleStdioStream.cpp:60: Got EOF on stdin; closing
   2.499 Info CommandLineMultiplayer.cpp:292: Maximum segment size = 100; minimum segment size = 25; maximum-segment-size peer count = 10; minimum-segment-size peer count = 20
   2.703 Info ServerRouter.cpp:547: Own address is IP ADDR:({49.49.229.80:41599}) (confirmed by pingpong2)
   2.720 Error ServerMultiplayerManager.cpp:743: Matching server connection failed: Error when creating server game: Missing token.
   2.755 Info ServerRouter.cpp:547: Own address is IP ADDR:({49.49.229.80:41599}) (confirmed by pingpong3)
   2.790 Info ServerRouter.cpp:547: Own address is IP ADDR:({49.49.229.80:41599}) (confirmed by pingpong1)
  12.836 ConnectionRequestReplyConfirm (type(ConnectionRequestReplyConfirm) ) from(IP ADDR:({192.168.65.1:43371}))
  12.838 Refusing connection for address (IP ADDR:({192.168.65.1:43371})), username (milo33). UserVerificationMissing
  13.752 ConnectionRequestReplyConfirm (type(ConnectionRequestReplyConfirm) ) from(IP ADDR:({192.168.65.1:30195}))
  13.755 Info ServerRouter.cpp:465: Replying to connectionRequest for address(IP ADDR:({192.168.65.1:30195})).
  13.756 Info ServerSynchronizer.cpp:594: nextHeartbeatSequenceNumber(674) adding peer(1)
  13.780 Info ServerMultiplayerManager.cpp:808: updateTick(3763112) changing state from(InGame) to(InGameSavingMap)
  13.786 Info ServerMultiplayerManager.cpp:978: updateTick(3763112) received stateChanged peerID(1) oldState(Ready) newState(ConnectedWaitingForMap)
  14.170 Info ServerMultiplayerManager.cpp:1039: UpdateTick(3763112) Serving map(/factorio/temp/mp-save-0.zip) for peer(1) size(8416849) auxiliary(205) crc(1158975086)
  14.171 Info ServerMultiplayerManager.cpp:808: updateTick(3763112) changing state from(InGameSavingMap) to(InGame)
  14.238 Info ServerMultiplayerManager.cpp:978: updateTick(3763112) received stateChanged peerID(1) oldState(ConnectedWaitingForMap) newState(ConnectedDownloadingMap)
  14.902 Info ServerMultiplayerManager.cpp:978: updateTick(3763112) received stateChanged peerID(1) oldState(ConnectedDownloadingMap) newState(ConnectedLoadingMap)
  15.140 Info ServerMultiplayerManager.cpp:978: updateTick(3763112) received stateChanged peerID(1) oldState(ConnectedLoadingMap) newState(TryingToCatchUp)
  15.140 Info ServerMultiplayerManager.cpp:978: updateTick(3763112) received stateChanged peerID(1) oldState(TryingToCatchUp) newState(WaitingForCommandToStartSendingTickClosures)
  15.157 Info GameActionHandler.cpp:4440: UpdateTick (3763112) processed PlayerJoinGame peerID(1) playerIndex(1) mode(connect) 
  15.185 Info ServerMultiplayerManager.cpp:978: updateTick(3763114) received stateChanged peerID(1) oldState(WaitingForCommandToStartSendingTickClosures) newState(InGame)
  27.302 Info ServerMultiplayerManager.cpp:1086: Disconnect notification for peer (1)
  27.303 Info ServerMultiplayerManager.cpp:978: updateTick(3763841) received stateChanged peerID(1) oldState(InGame) newState(DisconnectScheduled)
  27.308 Info ServerSynchronizer.cpp:613: nextHeartbeatSequenceNumber(1488) removing peer(1).
  28.304 Info ServerMultiplayerManager.cpp:1231: Auto saving map as /factorio/saves/plysv.zip
  28.319 Info AppManager.cpp:415: Saving game as /factorio/saves/plysv.zip
  28.636 Info AppManagerStates.cpp:2097: Saving finished
  30.410 Received SIGTERM, shutting down
  30.411 Quitting: signal.
  30.411 Info MainLoop.cpp:437: Saving map as /factorio/saves/plysv.zip
  30.502 Info MainLoop.cpp:448: Saving progress: 0.012089%
  30.679 Info MainLoop.cpp:448: Saving progress: 100.000000%
  30.730 Info ServerMultiplayerManager.cpp:119: Disconnecting multiplayer connection.
  30.730 Info ServerMultiplayerManager.cpp:808: updateTick(3763842) changing state from(InGame) to(DisconnectingScheduled)
  30.768 Info ServerMultiplayerManager.cpp:808: updateTick(3763842) changing state from(DisconnectingScheduled) to(Disconnecting)
  30.801 Info ServerMultiplayerManager.cpp:808: updateTick(3763842) changing state from(Disconnecting) to(Disconnected)
  30.802 Info ServerMultiplayerManager.cpp:146: Quitting multiplayer connection.
  30.802 Info ServerMultiplayerManager.cpp:808: updateTick(3763842) changing state from(Disconnected) to(Closed)
  30.802 Info ServerMultiplayerManager.cpp:166: Deleting active scenario (global = true).
